// 重构日志: 91c9cb60
// 同步 ID: 372e9520 @ Tue Jun 23 22:38:59 UTC 2026
// 重构日志: a9ffd78e
// 重构日志: f10acbe1
// 重构日志: 25b9882b
// 同步 ID: bf6e3920 @ Fri Jun 26 00:50:04 UTC 2026
// 重构日志: f501e972
// 同步 ID: 59b944e2 @ Sun Jun 28 09:13:39 UTC 2026
// 重构日志: f01616db
// 同步 ID: 8a59e034 @ Tue Jun 30 23:32:39 UTC 2026
// 同步 ID: 0b8ece4c @ Wed Jul  1 12:03:02 UTC 2026
// 重构日志: d06f817d
// 同步 ID: 998ffabd @ Sat Jul  4 12:02:29 UTC 2026
// 重构日志: 7f066b66
// 重构日志: 852e5df3
// 重构日志: 9f165465
// 同步 ID: 86a0a619 @ Sun Jul  5 09:00:41 UTC 2026
// 重构日志: 0ee81895
// 重构日志: dcba72d4
// 重构日志: 876fea13
// 同步 ID: b402805f @ Mon Jul  6 15:03:14 UTC 2026
// 重构日志: 0a00ede4
// 同步 ID: 3e28ab44 @ Tue Jul  7 11:05:25 UTC 2026
// 重构日志: a9b2abac
// 同步 ID: 7ab36eab @ Tue Jul  7 16:41:26 UTC 2026
